<?xml version="1.0" encoding="UTF-8"?>
<testng-results skipped="0" failed="0" total="1" passed="1">
  <reporter-output>
  </reporter-output>
  <suite name="Default suite" duration-ms="52722" started-at="2017-08-01T15:05:25Z" finished-at="2017-08-01T15:06:18Z">
    <groups>
    </groups>
    <test name="Default test" duration-ms="52722" started-at="2017-08-01T15:05:25Z" finished-at="2017-08-01T15:06:18Z">
      <class name="work.DriverScript">
        <test-method status="PASS" signature="driverscript()[pri:0, instance:work.DriverScript@458ad742]" name="driverscript" duration-ms="52702" started-at="2017-08-01T08:05:25Z" finished-at="2017-08-01T08:06:18Z">
          <reporter-output>
          </reporter-output>
        </test-method> <!-- driverscript -->
      </class> <!-- work.DriverScript -->
    </test> <!-- Default test -->
  </suite> <!-- Default suite -->
</testng-results>
